[debug] [2023-09-10T04:46:16.437Z] ----------------------------------------------------------------------
[debug] [2023-09-10T04:46:16.439Z] Command:       D:\quest 4\node.exe C:\Users\somesh verma\AppData\Roaming\npm\node_modules\firebase-tools\lib\bin\firebase.js init
[debug] [2023-09-10T04:46:16.440Z] CLI Version:   12.5.3
[debug] [2023-09-10T04:46:16.440Z] Platform:      win32
[debug] [2023-09-10T04:46:16.440Z] Node Version:  v20.2.0
[debug] [2023-09-10T04:46:16.440Z] Time:          Sun Sep 10 2023 10:16:16 GMT+0530 (India Standard Time)
[debug] [2023-09-10T04:46:16.440Z] ----------------------------------------------------------------------
[debug] 
[debug] [2023-09-10T04:46:16.445Z] > command requires scopes: ["email","openid","https://www.googleapis.com/auth/cloudplatformprojects.readonly","https://www.googleapis.com/auth/firebase","https://www.googleapis.com/auth/cloud-platform"]
[debug] [2023-09-10T04:46:16.445Z] > authorizing via signed-in user (someshverma6009@gmail.com)
[info] 
     ######## #### ########  ######## ########     ###     ######  ########
     ##        ##  ##     ## ##       ##     ##  ##   ##  ##       ##
     ######    ##  ########  ######   ########  #########  ######  ######
     ##        ##  ##    ##  ##       ##     ## ##     ##       ## ##
     ##       #### ##     ## ######## ########  ##     ##  ######  ########

You're about to initialize a Firebase project in this directory:

  D:\quest 80 Q2\deploy

[info] 
=== Project Setup
[info] 
[info] First, let's associate this project directory with a Firebase project.
[info] You can create multiple project aliases by running firebase use --add, 
[info] but for now we'll just set up a default project.
[info] 
[info] i  If you want to create a project in a Google Cloud organization or folder, please use "firebase projects:create" instead, and return to this command when you've created the project. 
[debug] [2023-09-10T04:46:49.048Z] >>> [apiv2][query] POST https://cloudresourcemanager.googleapis.com/v1/projects [none]
[debug] [2023-09-10T04:46:49.048Z] >>> [apiv2][body] POST https://cloudresourcemanager.googleapis.com/v1/projects {"projectId":"Mark9835-mathematics-switch-app","name":"y"}
[debug] [2023-09-10T04:46:54.354Z] *** [apiv2] error from fetch(https://cloudresourcemanager.googleapis.com/v1/projects, {"headers":{},"method":"POST","signal":{},"body":"{\"projectId\":\"Mark9835-mathematics-switch-app\",\"name\":\"y\"}"}): FetchError: request to https://cloudresourcemanager.googleapis.com/v1/projects failed, reason: Socket connection timeout
[debug] [2023-09-10T04:46:54.834Z] FirebaseError: Failed to make request to https://cloudresourcemanager.googleapis.com/v1/projects
    at RetryOperation._fn (C:\Users\somesh verma\AppData\Roaming\npm\node_modules\firebase-tools\lib\apiv2.js:239:31)
    at process.processTicksAndRejections (node:internal/process/task_queues:95:5)
[error] 
[error] Error: Failed to create project. See firebase-debug.log for more info.
